<?xml version="1.0" encoding="UTF-8" ?>
<testsuite tests="20" failures="0" name="com.readify.test.MyResourceTest" time="4.513" errors="0" skipped="0">
  <properties>
    <property name="java.runtime.name" value="Java(TM) SE Runtime Environment"/>
    <property name="sun.boot.library.path" value="C:\Program Files (x86)\Java\jre1.8.0_111\bin"/>
    <property name="java.vm.version" value="25.111-b14"/>
    <property name="java.vm.vendor" value="Oracle Corporation"/>
    <property name="java.vendor.url" value="http://java.oracle.com/"/>
    <property name="path.separator" value=";"/>
    <property name="guice.disable.misplaced.annotation.check" value="true"/>
    <property name="java.vm.name" value="Java HotSpot(TM) Client VM"/>
    <property name="file.encoding.pkg" value="sun.io"/>
    <property name="user.script" value=""/>
    <property name="user.country" value="US"/>
    <property name="sun.java.launcher" value="SUN_STANDARD"/>
    <property name="sun.os.patch.level" value="Service Pack 1"/>
    <property name="java.vm.specification.name" value="Java Virtual Machine Specification"/>
    <property name="user.dir" value="C:\Users\mkader3\git\heroko\simple-heroku-webapp"/>
    <property name="java.runtime.version" value="1.8.0_111-b14"/>
    <property name="java.awt.graphicsenv" value="sun.awt.Win32GraphicsEnvironment"/>
    <property name="java.endorsed.dirs" value="C:\Program Files (x86)\Java\jre1.8.0_111\lib\endorsed"/>
    <property name="os.arch" value="x86"/>
    <property name="java.io.tmpdir" value="C:\Users\mkader3\AppData\Local\Temp\"/>
    <property name="line.separator" value="
"/>
    <property name="java.vm.specification.vendor" value="Oracle Corporation"/>
    <property name="user.variant" value=""/>
    <property name="os.name" value="Windows 7"/>
    <property name="classworlds.conf" value="D:\WorkSpaces\Rectify\.metadata\.plugins\org.eclipse.m2e.core\launches\m2conf6706246357097701973.tmp"/>
    <property name="sun.jnu.encoding" value="Cp1252"/>
    <property name="java.library.path" value="C:\Program Files (x86)\Java\jre1.8.0_111\bin;C:\windows\Sun\Java\bin;C:\windows\system32;C:\windows;C:/Program Files (x86)/Java/jre1.8.0_111/bin/client;C:/Program Files (x86)/Java/jre1.8.0_111/bin;C:/Program Files (x86)/Java/jre1.8.0_111/lib/i386;C:\ProgramData\Oracle\Java\javapath;D:\oracle\product\10.2.0\client_1\bin;C:\Program Files (x86)\RSA SecurID Token Common;C:\windows\system32;C:\windows;C:\windows\System32\Wbem;C:\windows\System32\WindowsPowerShell\v1.0\;C:\Program Files (x86)\Enterprise Vault\EVClient\;C:\Orant\bin;C:\Program Files (x86)\Oracle\jre\1.1.7\bin;C:\apache-maven-3.3.1\bin;C:\Program Files (x86)\Skype\Phone\;C:\Program Files (x86)\Heroku\bin;C:\Program Files (x86)\git\cmd;C:\Program Files (x86)\Git\cmd;D:\junoEclipse\eclipse;;."/>
    <property name="java.specification.name" value="Java Platform API Specification"/>
    <property name="java.class.version" value="52.0"/>
    <property name="sun.management.compiler" value="HotSpot Client Compiler"/>
    <property name="os.version" value="6.1"/>
    <property name="user.home" value="C:\Users\mkader3"/>
    <property name="user.timezone" value="Africa/Cairo"/>
    <property name="java.awt.printerjob" value="sun.awt.windows.WPrinterJob"/>
    <property name="java.specification.version" value="1.8"/>
    <property name="file.encoding" value="Cp1252"/>
    <property name="user.name" value="mkader3"/>
    <property name="java.class.path" value="/D:/junoEclipse/eclipse/configuration/org.eclipse.osgi/bundles/1120/1/.cp/jars/plexus-classworlds-2.4.jar"/>
    <property name="java.vm.specification.version" value="1.8"/>
    <property name="sun.arch.data.model" value="32"/>
    <property name="java.home" value="C:\Program Files (x86)\Java\jre1.8.0_111"/>
    <property name="sun.java.command" value="org.codehaus.plexus.classworlds.launcher.Launcher -B -s C:\Users\mkader3\.m2\settings.xml install"/>
    <property name="java.specification.vendor" value="Oracle Corporation"/>
    <property name="user.language" value="en"/>
    <property name="awt.toolkit" value="sun.awt.windows.WToolkit"/>
    <property name="java.vm.info" value="mixed mode, sharing"/>
    <property name="java.version" value="1.8.0_111"/>
    <property name="java.ext.dirs" value="C:\Program Files (x86)\Java\jre1.8.0_111\lib\ext;C:\windows\Sun\Java\lib\ext"/>
    <property name="sun.boot.class.path" value="C:\Program Files (x86)\Java\jre1.8.0_111\lib\resources.jar;C:\Program Files (x86)\Java\jre1.8.0_111\lib\rt.jar;C:\Program Files (x86)\Java\jre1.8.0_111\lib\sunrsasign.jar;C:\Program Files (x86)\Java\jre1.8.0_111\lib\jsse.jar;C:\Program Files (x86)\Java\jre1.8.0_111\lib\jce.jar;C:\Program Files (x86)\Java\jre1.8.0_111\lib\charsets.jar;C:\Program Files (x86)\Java\jre1.8.0_111\lib\jfr.jar;C:\Program Files (x86)\Java\jre1.8.0_111\classes"/>
    <property name="java.vendor" value="Oracle Corporation"/>
    <property name="maven.home" value="C:\Users\mkader3\git\heroko\simple-heroku-webapp\EMBEDDED"/>
    <property name="file.separator" value="\"/>
    <property name="java.vendor.url.bug" value="http://bugreport.sun.com/bugreport/"/>
    <property name="sun.cpu.endian" value="little"/>
    <property name="sun.io.unicode.encoding" value="UnicodeLittle"/>
    <property name="sun.desktop" value="windows"/>
    <property name="sun.cpu.isalist" value="pentium_pro+mmx pentium_pro pentium+mmx pentium i486 i386 i86"/>
  </properties>
  <testcase classname="com.readify.test.MyResourceTest" name="testGetTriangleWithHighestCounts" time="1.529"/>
  <testcase classname="com.readify.test.MyResourceTest" name="testGetFabForNegative" time="0.192"/>
  <testcase classname="com.readify.test.MyResourceTest" name="testGetToken" time="0.17"/>
  <testcase classname="com.readify.test.MyResourceTest" name="testGetRevWordWithSpecialChars" time="0.178"/>
  <testcase classname="com.readify.test.MyResourceTest" name="testGetIt" time="0.152"/>
  <testcase classname="com.readify.test.MyResourceTest" name="testGetRevWordEmpty" time="0.158"/>
  <testcase classname="com.readify.test.MyResourceTest" name="testGetRevSentenceWithMultiSpaces" time="0.149"/>
  <testcase classname="com.readify.test.MyResourceTest" name="testGetNonDrawableTriangle" time="0.169"/>
  <testcase classname="com.readify.test.MyResourceTest" name="testGetRevSentence" time="0.142"/>
  <testcase classname="com.readify.test.MyResourceTest" name="testGetFabForOutOfIntegerRange" time="0.145"/>
  <testcase classname="com.readify.test.MyResourceTest" name="testGetEquilateralTriangle" time="0.194"/>
  <testcase classname="com.readify.test.MyResourceTest" name="testGetRevWordPreSpace" time="0.095"/>
  <testcase classname="com.readify.test.MyResourceTest" name="testGetTriangleWithExceedingLimits" time="0.14"/>
  <testcase classname="com.readify.test.MyResourceTest" name="testGetFabForOutOfProgramaticRange" time="0.143"/>
  <testcase classname="com.readify.test.MyResourceTest" name="testGetIsoscelesTriangle" time="0.13"/>
  <testcase classname="com.readify.test.MyResourceTest" name="testGetFab" time="0.141"/>
  <testcase classname="com.readify.test.MyResourceTest" name="testGetRevWordPostSpace" time="0.14"/>
  <testcase classname="com.readify.test.MyResourceTest" name="testGetRevWord" time="0.135"/>
  <testcase classname="com.readify.test.MyResourceTest" name="testGetScaleneTriangle" time="0.13"/>
  <testcase classname="com.readify.test.MyResourceTest" name="testGetTriangleWithNegativeValues" time="0.129"/>
</testsuite>